<?xml version="1.0" encoding="UTF-8"?>
<!-- Generated by org.testng.reporters.JUnitXMLReporter -->
<testsuite hostname="DESKTOP-PNFG6ND" ignored="0" name="Default test" tests="3" failures="0" timestamp="04 Feb 2020 07:23:39 GMT" time="27.148" errors="0">
  <testcase name="f" time="11.811" classname="JavaProgrammes.OPPSConcept.TestNgClass"/>
  <testcase name="f2" time="6.872" classname="JavaProgrammes.OPPSConcept.TestNgClass"/>
  <testcase name="f4" time="8.439" classname="JavaProgrammes.OPPSConcept.TestNgClass"/>
</testsuite> <!-- Default test -->
